-------------------------------------------------------------------------------
Test set: tests.OneLoginSignInTest
-------------------------------------------------------------------------------
Tests run: 2, Failures: 1, Errors: 0, Skipped: 0, Time elapsed: 18.639 s <<< FAILURE! - in tests.OneLoginSignInTest
tests.OneLoginSignInTest.signInToOneLoginWithInvalidDataShouldFail  Time elapsed: 7.216 s  <<< FAILURE!
java.lang.AssertionError
	at tests.OneLoginSignInTest.signInToOneLoginWithInvalidDataShouldFail(OneLoginSignInTest.java:12)

